CRITICAL - 2023-05-23 11:08:47 --> simplexml_load_file(): I/O warning : failed to load external entity &quot;&lt;?xml version=&quot;1.0&quot; encoding=&quot;utf-8&quot;?&gt;&lt;items total=&quot;1&quot; termsofuse=&quot;https://boardgamegeek.com/xmlapi/termsofuse&quot;&gt;			&lt;item type=&quot;boardgame&quot; id=&quot;13&quot;&gt;
			&lt;name type=&quot;primary&quot; value=&quot;CATAN&quot;/&gt;			
							&lt;yearpublished value=&quot;1995&quot; /&gt;
					&lt;/item&gt;
	&lt;/items&gt;&quot;
in APPPATH/Controllers/Game.php on line 47.
 1 [internal function]: CodeIgniter\Debug\Exceptions->errorHandler()
 2 APPPATH/Controllers/Game.php(47): simplexml_load_file()
 3 APPPATH/Controllers/Game.php(16): App\Controllers\Game->getGameData()
 4 SYSTEMPATH/CodeIgniter.php(934): App\Controllers\Game->insert_game()
 5 SYSTEMPATH/CodeIgniter.php(499): CodeIgniter\CodeIgniter->runController()
 6 SYSTEMPATH/CodeIgniter.php(368): CodeIgniter\CodeIgniter->handleRequest()
 7 FCPATH/index.php(67): CodeIgniter\CodeIgniter->run()
CRITICAL - 2023-05-23 11:20:02 --> "gameRules" is not a validation rules group.
in SYSTEMPATH/Validation/Validation.php on line 521.
 1 SYSTEMPATH/Validation/Validation.php(521): CodeIgniter\Validation\Exceptions\ValidationException::forGroupNotFound()
 2 APPPATH/Controllers/Game.php(17): CodeIgniter\Validation\Validation->getRuleGroup()
 3 SYSTEMPATH/CodeIgniter.php(934): App\Controllers\Game->insert_game()
 4 SYSTEMPATH/CodeIgniter.php(499): CodeIgniter\CodeIgniter->runController()
 5 SYSTEMPATH/CodeIgniter.php(368): CodeIgniter\CodeIgniter->handleRequest()
 6 FCPATH/index.php(67): CodeIgniter\CodeIgniter->run()
CRITICAL - 2023-05-23 11:20:24 --> Object of class CodeIgniter\Validation\Validation could not be converted to string
in APPPATH/Views/add.php on line 17.
 1 SYSTEMPATH/View/View.php(213): include()
 2 SYSTEMPATH/View/View.php(216): CodeIgniter\View\View->CodeIgniter\View\{closure}()
 3 SYSTEMPATH/Common.php(1177): CodeIgniter\View\View->render()
 4 APPPATH/Controllers/Game.php(45): view()
 5 SYSTEMPATH/CodeIgniter.php(934): App\Controllers\Game->insert_game()
 6 SYSTEMPATH/CodeIgniter.php(499): CodeIgniter\CodeIgniter->runController()
 7 SYSTEMPATH/CodeIgniter.php(368): CodeIgniter\CodeIgniter->handleRequest()
 8 FCPATH/index.php(67): CodeIgniter\CodeIgniter->run()
ERROR - 2023-05-23 11:42:11 --> mysqli_sql_exception: Unknown column 'bgg_id' in 'field list' in /srv/board_games/system/Database/MySQLi/Connection.php:295
Stack trace:
#0 /srv/board_games/system/Database/MySQLi/Connection.php(295): mysqli->query()
#1 /srv/board_games/system/Database/BaseConnection.php(691): CodeIgniter\Database\MySQLi\Connection->execute()
#2 /srv/board_games/system/Database/BaseConnection.php(605): CodeIgniter\Database\BaseConnection->simpleQuery()
#3 /srv/board_games/system/Database/BaseBuilder.php(2295): CodeIgniter\Database\BaseConnection->query()
#4 /srv/board_games/system/Model.php(329): CodeIgniter\Database\BaseBuilder->insert()
#5 /srv/board_games/system/BaseModel.php(782): CodeIgniter\Model->doInsert()
#6 /srv/board_games/system/Model.php(729): CodeIgniter\BaseModel->insert()
#7 /srv/board_games/app/Models/ArtistModel.php(20): CodeIgniter\Model->insert()
#8 /srv/board_games/app/Controllers/Game.php(35): App\Models\ArtistModel->insertArtist()
#9 /srv/board_games/system/CodeIgniter.php(934): App\Controllers\Game->insert_game()
#10 /srv/board_games/system/CodeIgniter.php(499): CodeIgniter\CodeIgniter->runController()
#11 /srv/board_games/system/CodeIgniter.php(368): CodeIgniter\CodeIgniter->handleRequest()
#12 /srv/board_games/public/index.php(67): CodeIgniter\CodeIgniter->run()
#13 {main}
CRITICAL - 2023-05-23 11:42:11 --> Unknown column 'bgg_id' in 'field list'
in SYSTEMPATH/Database/BaseConnection.php on line 645.
 1 SYSTEMPATH/Database/BaseBuilder.php(2295): CodeIgniter\Database\BaseConnection->query()
 2 SYSTEMPATH/Model.php(329): CodeIgniter\Database\BaseBuilder->insert()
 3 SYSTEMPATH/BaseModel.php(782): CodeIgniter\Model->doInsert()
 4 SYSTEMPATH/Model.php(729): CodeIgniter\BaseModel->insert()
 5 APPPATH/Models/ArtistModel.php(20): CodeIgniter\Model->insert()
 6 APPPATH/Controllers/Game.php(35): App\Models\ArtistModel->insertArtist()
 7 SYSTEMPATH/CodeIgniter.php(934): App\Controllers\Game->insert_game()
 8 SYSTEMPATH/CodeIgniter.php(499): CodeIgniter\CodeIgniter->runController()
 9 SYSTEMPATH/CodeIgniter.php(368): CodeIgniter\CodeIgniter->handleRequest()
10 FCPATH/index.php(67): CodeIgniter\CodeIgniter->run()
CRITICAL - 2023-05-23 11:43:48 --> CodeIgniter\BaseModel::transformDataToArray(): Return value must be of type array, string returned
in SYSTEMPATH/BaseModel.php on line 1706.
 1 SYSTEMPATH/BaseModel.php(742): CodeIgniter\BaseModel->transformDataToArray()
 2 SYSTEMPATH/Model.php(729): CodeIgniter\BaseModel->insert()
 3 APPPATH/Models/ArtistModel.php(20): CodeIgniter\Model->insert()
 4 APPPATH/Controllers/Game.php(35): App\Models\ArtistModel->insertArtist()
 5 SYSTEMPATH/CodeIgniter.php(934): App\Controllers\Game->insert_game()
 6 SYSTEMPATH/CodeIgniter.php(499): CodeIgniter\CodeIgniter->runController()
 7 SYSTEMPATH/CodeIgniter.php(368): CodeIgniter\CodeIgniter->handleRequest()
 8 FCPATH/index.php(67): CodeIgniter\CodeIgniter->run()
CRITICAL - 2023-05-23 11:45:44 --> CodeIgniter\BaseModel::transformDataToArray(): Return value must be of type array, string returned
in SYSTEMPATH/BaseModel.php on line 1706.
 1 SYSTEMPATH/BaseModel.php(742): CodeIgniter\BaseModel->transformDataToArray()
 2 SYSTEMPATH/Model.php(729): CodeIgniter\BaseModel->insert()
 3 APPPATH/Models/ArtistModel.php(20): CodeIgniter\Model->insert()
 4 APPPATH/Controllers/Game.php(35): App\Models\ArtistModel->insertArtist()
 5 SYSTEMPATH/CodeIgniter.php(934): App\Controllers\Game->insert_game()
 6 SYSTEMPATH/CodeIgniter.php(499): CodeIgniter\CodeIgniter->runController()
 7 SYSTEMPATH/CodeIgniter.php(368): CodeIgniter\CodeIgniter->handleRequest()
 8 FCPATH/index.php(67): CodeIgniter\CodeIgniter->run()
CRITICAL - 2023-05-23 11:46:25 --> CodeIgniter\BaseModel::transformDataToArray(): Return value must be of type array, string returned
in SYSTEMPATH/BaseModel.php on line 1706.
 1 SYSTEMPATH/BaseModel.php(742): CodeIgniter\BaseModel->transformDataToArray()
 2 SYSTEMPATH/Model.php(729): CodeIgniter\BaseModel->insert()
 3 APPPATH/Models/ArtistModel.php(20): CodeIgniter\Model->insert()
 4 APPPATH/Controllers/Game.php(35): App\Models\ArtistModel->insertArtist()
 5 SYSTEMPATH/CodeIgniter.php(934): App\Controllers\Game->insert_game()
 6 SYSTEMPATH/CodeIgniter.php(499): CodeIgniter\CodeIgniter->runController()
 7 SYSTEMPATH/CodeIgniter.php(368): CodeIgniter\CodeIgniter->handleRequest()
 8 FCPATH/index.php(67): CodeIgniter\CodeIgniter->run()
CRITICAL - 2023-05-23 11:47:47 --> There is no data to insert.
in SYSTEMPATH/BaseModel.php on line 762.
 1 SYSTEMPATH/BaseModel.php(762): CodeIgniter\Database\Exceptions\DataException::forEmptyDataset()
 2 SYSTEMPATH/Model.php(729): CodeIgniter\BaseModel->insert()
 3 APPPATH/Models/ArtistModel.php(20): CodeIgniter\Model->insert()
 4 APPPATH/Controllers/Game.php(37): App\Models\ArtistModel->insertArtist()
 5 SYSTEMPATH/CodeIgniter.php(934): App\Controllers\Game->insert_game()
 6 SYSTEMPATH/CodeIgniter.php(499): CodeIgniter\CodeIgniter->runController()
 7 SYSTEMPATH/CodeIgniter.php(368): CodeIgniter\CodeIgniter->handleRequest()
 8 FCPATH/index.php(67): CodeIgniter\CodeIgniter->run()
CRITICAL - 2023-05-23 11:48:35 --> CodeIgniter\BaseModel::transformDataToArray(): Return value must be of type array, string returned
in SYSTEMPATH/BaseModel.php on line 1706.
 1 SYSTEMPATH/BaseModel.php(742): CodeIgniter\BaseModel->transformDataToArray()
 2 SYSTEMPATH/Model.php(729): CodeIgniter\BaseModel->insert()
 3 APPPATH/Models/ArtistModel.php(20): CodeIgniter\Model->insert()
 4 APPPATH/Controllers/Game.php(38): App\Models\ArtistModel->insertArtist()
 5 SYSTEMPATH/CodeIgniter.php(934): App\Controllers\Game->insert_game()
 6 SYSTEMPATH/CodeIgniter.php(499): CodeIgniter\CodeIgniter->runController()
 7 SYSTEMPATH/CodeIgniter.php(368): CodeIgniter\CodeIgniter->handleRequest()
 8 FCPATH/index.php(67): CodeIgniter\CodeIgniter->run()
CRITICAL - 2023-05-23 12:18:28 --> Attempt to read property "id_game" on array
in APPPATH/Models/GameModel.php on line 24.
 1 APPPATH/Models/GameModel.php(24): CodeIgniter\Debug\Exceptions->errorHandler()
 2 APPPATH/Controllers/Game.php(32): App\Models\GameModel->getGameId()
 3 SYSTEMPATH/CodeIgniter.php(934): App\Controllers\Game->insert_game()
 4 SYSTEMPATH/CodeIgniter.php(499): CodeIgniter\CodeIgniter->runController()
 5 SYSTEMPATH/CodeIgniter.php(368): CodeIgniter\CodeIgniter->handleRequest()
 6 FCPATH/index.php(67): CodeIgniter\CodeIgniter->run()
ERROR - 2023-05-23 12:21:24 --> mysqli_sql_exception: Unknown column 'id_game' in 'field list' in /srv/board_games/system/Database/MySQLi/Connection.php:295
Stack trace:
#0 /srv/board_games/system/Database/MySQLi/Connection.php(295): mysqli->query()
#1 /srv/board_games/system/Database/BaseConnection.php(691): CodeIgniter\Database\MySQLi\Connection->execute()
#2 /srv/board_games/system/Database/BaseConnection.php(605): CodeIgniter\Database\BaseConnection->simpleQuery()
#3 /srv/board_games/system/Database/BaseBuilder.php(1602): CodeIgniter\Database\BaseConnection->query()
#4 /srv/board_games/system/Model.php(839): CodeIgniter\Database\BaseBuilder->get()
#5 /srv/board_games/app/Models/ArtistModel.php(20): CodeIgniter\Model->__call()
#6 /srv/board_games/app/Controllers/Game.php(37): App\Models\ArtistModel->insertArtist()
#7 /srv/board_games/system/CodeIgniter.php(934): App\Controllers\Game->insert_game()
#8 /srv/board_games/system/CodeIgniter.php(499): CodeIgniter\CodeIgniter->runController()
#9 /srv/board_games/system/CodeIgniter.php(368): CodeIgniter\CodeIgniter->handleRequest()
#10 /srv/board_games/public/index.php(67): CodeIgniter\CodeIgniter->run()
#11 {main}
CRITICAL - 2023-05-23 12:21:24 --> Unknown column 'id_game' in 'field list'
in SYSTEMPATH/Database/BaseConnection.php on line 645.
 1 SYSTEMPATH/Database/BaseBuilder.php(1602): CodeIgniter\Database\BaseConnection->query()
 2 SYSTEMPATH/Model.php(839): CodeIgniter\Database\BaseBuilder->get()
 3 APPPATH/Models/ArtistModel.php(20): CodeIgniter\Model->__call()
 4 APPPATH/Controllers/Game.php(37): App\Models\ArtistModel->insertArtist()
 5 SYSTEMPATH/CodeIgniter.php(934): App\Controllers\Game->insert_game()
 6 SYSTEMPATH/CodeIgniter.php(499): CodeIgniter\CodeIgniter->runController()
 7 SYSTEMPATH/CodeIgniter.php(368): CodeIgniter\CodeIgniter->handleRequest()
 8 FCPATH/index.php(67): CodeIgniter\CodeIgniter->run()
CRITICAL - 2023-05-23 12:58:01 --> There is no data to insert.
in SYSTEMPATH/BaseModel.php on line 762.
 1 SYSTEMPATH/BaseModel.php(762): CodeIgniter\Database\Exceptions\DataException::forEmptyDataset()
 2 SYSTEMPATH/Model.php(729): CodeIgniter\BaseModel->insert()
 3 APPPATH/Models/ArtistModel.php(33): CodeIgniter\Model->insert()
 4 APPPATH/Controllers/Game.php(35): App\Models\ArtistModel->insertArtist()
 5 SYSTEMPATH/CodeIgniter.php(934): App\Controllers\Game->insert_game()
 6 SYSTEMPATH/CodeIgniter.php(499): CodeIgniter\CodeIgniter->runController()
 7 SYSTEMPATH/CodeIgniter.php(368): CodeIgniter\CodeIgniter->handleRequest()
 8 FCPATH/index.php(67): CodeIgniter\CodeIgniter->run()
CRITICAL - 2023-05-23 13:06:01 --> There is no data to insert.
in SYSTEMPATH/BaseModel.php on line 762.
 1 SYSTEMPATH/BaseModel.php(762): CodeIgniter\Database\Exceptions\DataException::forEmptyDataset()
 2 SYSTEMPATH/Model.php(729): CodeIgniter\BaseModel->insert()
 3 APPPATH/Models/ArtistModel.php(33): CodeIgniter\Model->insert()
 4 APPPATH/Controllers/Game.php(35): App\Models\ArtistModel->insertArtist()
 5 SYSTEMPATH/CodeIgniter.php(934): App\Controllers\Game->insert_game()
 6 SYSTEMPATH/CodeIgniter.php(499): CodeIgniter\CodeIgniter->runController()
 7 SYSTEMPATH/CodeIgniter.php(368): CodeIgniter\CodeIgniter->handleRequest()
 8 FCPATH/index.php(67): CodeIgniter\CodeIgniter->run()
CRITICAL - 2023-05-23 13:10:32 --> CodeIgniter\Model::insert(): Argument #2 ($returnID) must be of type bool, array given, called in /srv/board_games/app/Models/ArtistModel.php on line 33
in SYSTEMPATH/Model.php on line 707.
 1 APPPATH/Models/ArtistModel.php(33): CodeIgniter\Model->insert()
 2 APPPATH/Controllers/Game.php(35): App\Models\ArtistModel->insertArtist()
 3 SYSTEMPATH/CodeIgniter.php(934): App\Controllers\Game->insert_game()
 4 SYSTEMPATH/CodeIgniter.php(499): CodeIgniter\CodeIgniter->runController()
 5 SYSTEMPATH/CodeIgniter.php(368): CodeIgniter\CodeIgniter->handleRequest()
 6 FCPATH/index.php(67): CodeIgniter\CodeIgniter->run()
CRITICAL - 2023-05-23 13:14:32 --> There is no data to insert.
in SYSTEMPATH/BaseModel.php on line 762.
 1 SYSTEMPATH/BaseModel.php(762): CodeIgniter\Database\Exceptions\DataException::forEmptyDataset()
 2 SYSTEMPATH/Model.php(729): CodeIgniter\BaseModel->insert()
 3 APPPATH/Models/ArtistModel.php(32): CodeIgniter\Model->insert()
 4 APPPATH/Controllers/Game.php(35): App\Models\ArtistModel->insertArtist()
 5 SYSTEMPATH/CodeIgniter.php(934): App\Controllers\Game->insert_game()
 6 SYSTEMPATH/CodeIgniter.php(499): CodeIgniter\CodeIgniter->runController()
 7 SYSTEMPATH/CodeIgniter.php(368): CodeIgniter\CodeIgniter->handleRequest()
 8 FCPATH/index.php(67): CodeIgniter\CodeIgniter->run()
CRITICAL - 2023-05-23 13:16:13 --> There is no data to insert.
in SYSTEMPATH/BaseModel.php on line 762.
 1 SYSTEMPATH/BaseModel.php(762): CodeIgniter\Database\Exceptions\DataException::forEmptyDataset()
 2 SYSTEMPATH/Model.php(729): CodeIgniter\BaseModel->insert()
 3 APPPATH/Models/ArtistModel.php(32): CodeIgniter\Model->insert()
 4 APPPATH/Controllers/Game.php(35): App\Models\ArtistModel->insertArtist()
 5 SYSTEMPATH/CodeIgniter.php(934): App\Controllers\Game->insert_game()
 6 SYSTEMPATH/CodeIgniter.php(499): CodeIgniter\CodeIgniter->runController()
 7 SYSTEMPATH/CodeIgniter.php(368): CodeIgniter\CodeIgniter->handleRequest()
 8 FCPATH/index.php(67): CodeIgniter\CodeIgniter->run()
CRITICAL - 2023-05-23 13:16:45 --> There is no data to insert.
in SYSTEMPATH/BaseModel.php on line 762.
 1 SYSTEMPATH/BaseModel.php(762): CodeIgniter\Database\Exceptions\DataException::forEmptyDataset()
 2 SYSTEMPATH/Model.php(729): CodeIgniter\BaseModel->insert()
 3 APPPATH/Models/ArtistModel.php(31): CodeIgniter\Model->insert()
 4 APPPATH/Controllers/Game.php(35): App\Models\ArtistModel->insertArtist()
 5 SYSTEMPATH/CodeIgniter.php(934): App\Controllers\Game->insert_game()
 6 SYSTEMPATH/CodeIgniter.php(499): CodeIgniter\CodeIgniter->runController()
 7 SYSTEMPATH/CodeIgniter.php(368): CodeIgniter\CodeIgniter->handleRequest()
 8 FCPATH/index.php(67): CodeIgniter\CodeIgniter->run()
CRITICAL - 2023-05-23 13:17:25 --> There is no data to insert.
in SYSTEMPATH/BaseModel.php on line 762.
 1 SYSTEMPATH/BaseModel.php(762): CodeIgniter\Database\Exceptions\DataException::forEmptyDataset()
 2 SYSTEMPATH/Model.php(729): CodeIgniter\BaseModel->insert()
 3 APPPATH/Models/ArtistModel.php(32): CodeIgniter\Model->insert()
 4 APPPATH/Controllers/Game.php(35): App\Models\ArtistModel->insertArtist()
 5 SYSTEMPATH/CodeIgniter.php(934): App\Controllers\Game->insert_game()
 6 SYSTEMPATH/CodeIgniter.php(499): CodeIgniter\CodeIgniter->runController()
 7 SYSTEMPATH/CodeIgniter.php(368): CodeIgniter\CodeIgniter->handleRequest()
 8 FCPATH/index.php(67): CodeIgniter\CodeIgniter->run()
CRITICAL - 2023-05-23 13:27:18 --> There is no data to insert.
in SYSTEMPATH/BaseModel.php on line 762.
 1 SYSTEMPATH/BaseModel.php(762): CodeIgniter\Database\Exceptions\DataException::forEmptyDataset()
 2 SYSTEMPATH/Model.php(729): CodeIgniter\BaseModel->insert()
 3 APPPATH/Models/ArtistModel.php(32): CodeIgniter\Model->insert()
 4 APPPATH/Controllers/Game.php(35): App\Models\ArtistModel->insertArtist()
 5 SYSTEMPATH/CodeIgniter.php(934): App\Controllers\Game->insert_game()
 6 SYSTEMPATH/CodeIgniter.php(499): CodeIgniter\CodeIgniter->runController()
 7 SYSTEMPATH/CodeIgniter.php(368): CodeIgniter\CodeIgniter->handleRequest()
 8 FCPATH/index.php(67): CodeIgniter\CodeIgniter->run()
CRITICAL - 2023-05-23 13:33:48 --> Allowed fields must be specified for model: "App\Models\GameArtistModel"
in SYSTEMPATH/BaseModel.php on line 1242.
 1 SYSTEMPATH/BaseModel.php(1242): CodeIgniter\Database\Exceptions\DataException::forInvalidAllowedFields()
 2 SYSTEMPATH/BaseModel.php(757): CodeIgniter\BaseModel->doProtectFields()
 3 SYSTEMPATH/Model.php(729): CodeIgniter\BaseModel->insert()
 4 APPPATH/Models/GameArtistModel.php(22): CodeIgniter\Model->insert()
 5 APPPATH/Controllers/Game.php(37): App\Models\GameArtistModel->insertGameArtist()
 6 SYSTEMPATH/CodeIgniter.php(934): App\Controllers\Game->insert_game()
 7 SYSTEMPATH/CodeIgniter.php(499): CodeIgniter\CodeIgniter->runController()
 8 SYSTEMPATH/CodeIgniter.php(368): CodeIgniter\CodeIgniter->handleRequest()
 9 FCPATH/index.php(67): CodeIgniter\CodeIgniter->run()
CRITICAL - 2023-05-23 13:34:29 --> Allowed fields must be specified for model: "App\Models\GameArtistModel"
in SYSTEMPATH/BaseModel.php on line 1242.
 1 SYSTEMPATH/BaseModel.php(1242): CodeIgniter\Database\Exceptions\DataException::forInvalidAllowedFields()
 2 SYSTEMPATH/BaseModel.php(757): CodeIgniter\BaseModel->doProtectFields()
 3 SYSTEMPATH/Model.php(729): CodeIgniter\BaseModel->insert()
 4 APPPATH/Models/GameArtistModel.php(22): CodeIgniter\Model->insert()
 5 APPPATH/Controllers/Game.php(37): App\Models\GameArtistModel->insertGameArtist()
 6 SYSTEMPATH/CodeIgniter.php(934): App\Controllers\Game->insert_game()
 7 SYSTEMPATH/CodeIgniter.php(499): CodeIgniter\CodeIgniter->runController()
 8 SYSTEMPATH/CodeIgniter.php(368): CodeIgniter\CodeIgniter->handleRequest()
 9 FCPATH/index.php(67): CodeIgniter\CodeIgniter->run()
CRITICAL - 2023-05-23 13:34:54 --> There is no data to insert.
in SYSTEMPATH/BaseModel.php on line 762.
 1 SYSTEMPATH/BaseModel.php(762): CodeIgniter\Database\Exceptions\DataException::forEmptyDataset()
 2 SYSTEMPATH/Model.php(729): CodeIgniter\BaseModel->insert()
 3 APPPATH/Models/GameArtistModel.php(22): CodeIgniter\Model->insert()
 4 APPPATH/Controllers/Game.php(37): App\Models\GameArtistModel->insertGameArtist()
 5 SYSTEMPATH/CodeIgniter.php(934): App\Controllers\Game->insert_game()
 6 SYSTEMPATH/CodeIgniter.php(499): CodeIgniter\CodeIgniter->runController()
 7 SYSTEMPATH/CodeIgniter.php(368): CodeIgniter\CodeIgniter->handleRequest()
 8 FCPATH/index.php(67): CodeIgniter\CodeIgniter->run()
CRITICAL - 2023-05-23 15:28:07 --> Object of class stdClass could not be converted to string
in SYSTEMPATH/Database/Query.php on line 335.
 1 SYSTEMPATH/Database/Query.php(335): strtr()
 2 SYSTEMPATH/Database/Query.php(310): CodeIgniter\Database\Query->matchNamedBinds()
 3 SYSTEMPATH/Database/Query.php(159): CodeIgniter\Database\Query->compileBinds()
 4 SYSTEMPATH/Database/BaseConnection.php(605): CodeIgniter\Database\Query->getQuery()
 5 SYSTEMPATH/Database/BaseBuilder.php(2295): CodeIgniter\Database\BaseConnection->query()
 6 SYSTEMPATH/Model.php(329): CodeIgniter\Database\BaseBuilder->insert()
 7 SYSTEMPATH/BaseModel.php(782): CodeIgniter\Model->doInsert()
 8 SYSTEMPATH/Model.php(729): CodeIgniter\BaseModel->insert()
 9 APPPATH/Models/JoinGameArtistModel.php(22): CodeIgniter\Model->insert()
10 APPPATH/Controllers/Game.php(43): App\Models\JoinGameArtistModel->insertGameArtist()
11 SYSTEMPATH/CodeIgniter.php(934): App\Controllers\Game->insert_game()
12 SYSTEMPATH/CodeIgniter.php(499): CodeIgniter\CodeIgniter->runController()
13 SYSTEMPATH/CodeIgniter.php(368): CodeIgniter\CodeIgniter->handleRequest()
14 FCPATH/index.php(67): CodeIgniter\CodeIgniter->run()
CRITICAL - 2023-05-23 15:37:12 --> foreach() argument must be of type array|object, string given
in APPPATH/Controllers/Game.php on line 48.
 1 APPPATH/Controllers/Game.php(48): CodeIgniter\Debug\Exceptions->errorHandler()
 2 SYSTEMPATH/CodeIgniter.php(934): App\Controllers\Game->insert_game()
 3 SYSTEMPATH/CodeIgniter.php(499): CodeIgniter\CodeIgniter->runController()
 4 SYSTEMPATH/CodeIgniter.php(368): CodeIgniter\CodeIgniter->handleRequest()
 5 FCPATH/index.php(67): CodeIgniter\CodeIgniter->run()
CRITICAL - 2023-05-23 15:39:09 --> Undefined variable $publisher
in APPPATH/Controllers/Game.php on line 49.
 1 APPPATH/Controllers/Game.php(49): CodeIgniter\Debug\Exceptions->errorHandler()
 2 SYSTEMPATH/CodeIgniter.php(934): App\Controllers\Game->insert_game()
 3 SYSTEMPATH/CodeIgniter.php(499): CodeIgniter\CodeIgniter->runController()
 4 SYSTEMPATH/CodeIgniter.php(368): CodeIgniter\CodeIgniter->handleRequest()
 5 FCPATH/index.php(67): CodeIgniter\CodeIgniter->run()
