CRITICAL - 2023-05-09 13:17:53 --> Undefined variable $films
in APPPATH/Views/layouts/default.php on line 69.
 1 APPPATH/Views/layouts/default.php(69): CodeIgniter\Debug\Exceptions->errorHandler()
 2 SYSTEMPATH/View/View.php(213): include('APPPATH/Views/layouts/default.php')
 3 SYSTEMPATH/View/View.php(216): CodeIgniter\View\View->CodeIgniter\View\{closure}()
 4 SYSTEMPATH/View/View.php(229): CodeIgniter\View\View->render()
 5 SYSTEMPATH/Common.php(1177): CodeIgniter\View\View->render()
 6 APPPATH/Controllers/Home.php(12): view()
 7 SYSTEMPATH/CodeIgniter.php(934): App\Controllers\Home->home()
 8 SYSTEMPATH/CodeIgniter.php(499): CodeIgniter\CodeIgniter->runController()
 9 SYSTEMPATH/CodeIgniter.php(368): CodeIgniter\CodeIgniter->handleRequest()
10 FCPATH/index.php(67): CodeIgniter\CodeIgniter->run()
CRITICAL - 2023-05-09 13:19:06 --> Undefined variable $films
in APPPATH/Views/layouts/default.php on line 68.
 1 APPPATH/Views/layouts/default.php(68): CodeIgniter\Debug\Exceptions->errorHandler()
 2 SYSTEMPATH/View/View.php(213): include('APPPATH/Views/layouts/default.php')
 3 SYSTEMPATH/View/View.php(216): CodeIgniter\View\View->CodeIgniter\View\{closure}()
 4 SYSTEMPATH/View/View.php(229): CodeIgniter\View\View->render()
 5 SYSTEMPATH/Common.php(1177): CodeIgniter\View\View->render()
 6 APPPATH/Controllers/Home.php(12): view()
 7 SYSTEMPATH/CodeIgniter.php(934): App\Controllers\Home->home()
 8 SYSTEMPATH/CodeIgniter.php(499): CodeIgniter\CodeIgniter->runController()
 9 SYSTEMPATH/CodeIgniter.php(368): CodeIgniter\CodeIgniter->handleRequest()
10 FCPATH/index.php(67): CodeIgniter\CodeIgniter->run()
CRITICAL - 2023-05-09 14:04:50 --> Undefined variable $films
in APPPATH/Views/film.php on line 16.
 1 APPPATH/Views/film.php(16): CodeIgniter\Debug\Exceptions->errorHandler()
 2 SYSTEMPATH/View/View.php(213): include('APPPATH/Views/film.php')
 3 SYSTEMPATH/View/View.php(216): CodeIgniter\View\View->CodeIgniter\View\{closure}()
 4 SYSTEMPATH/Common.php(1177): CodeIgniter\View\View->render()
 5 APPPATH/Controllers/Film.php(26): view()
 6 SYSTEMPATH/CodeIgniter.php(934): App\Controllers\Film->insertFilm()
 7 SYSTEMPATH/CodeIgniter.php(499): CodeIgniter\CodeIgniter->runController()
 8 SYSTEMPATH/CodeIgniter.php(368): CodeIgniter\CodeIgniter->handleRequest()
 9 FCPATH/index.php(67): CodeIgniter\CodeIgniter->run()
CRITICAL - 2023-05-09 14:17:23 --> Call to undefined function App\Controllers\film()
in APPPATH/Controllers/Film.php on line 26.
 1 SYSTEMPATH/CodeIgniter.php(934): App\Controllers\Film->insertFilm()
 2 SYSTEMPATH/CodeIgniter.php(499): CodeIgniter\CodeIgniter->runController()
 3 SYSTEMPATH/CodeIgniter.php(368): CodeIgniter\CodeIgniter->handleRequest()
 4 FCPATH/index.php(67): CodeIgniter\CodeIgniter->run()
ERROR - 2023-05-09 15:35:48 --> mysqli_sql_exception: Cannot add or update a child row: a foreign key constraint fails (`cinema`.`film`, CONSTRAINT `Film_ibfk_2` FOREIGN KEY (`codePays`) REFERENCES `pays` (`code`)) in /srv/board_games/system/Database/MySQLi/Connection.php:295
Stack trace:
#0 /srv/board_games/system/Database/MySQLi/Connection.php(295): mysqli->query()
#1 /srv/board_games/system/Database/BaseConnection.php(691): CodeIgniter\Database\MySQLi\Connection->execute()
#2 /srv/board_games/system/Database/BaseConnection.php(605): CodeIgniter\Database\BaseConnection->simpleQuery()
#3 /srv/board_games/system/Database/BaseBuilder.php(2295): CodeIgniter\Database\BaseConnection->query()
#4 /srv/board_games/system/Model.php(329): CodeIgniter\Database\BaseBuilder->insert()
#5 /srv/board_games/system/BaseModel.php(782): CodeIgniter\Model->doInsert()
#6 /srv/board_games/system/Model.php(729): CodeIgniter\BaseModel->insert()
#7 /srv/board_games/app/Controllers/Film.php(56): CodeIgniter\Model->insert()
#8 /srv/board_games/system/CodeIgniter.php(934): App\Controllers\Film->create()
#9 /srv/board_games/system/CodeIgniter.php(499): CodeIgniter\CodeIgniter->runController()
#10 /srv/board_games/system/CodeIgniter.php(368): CodeIgniter\CodeIgniter->handleRequest()
#11 /srv/board_games/public/index.php(67): CodeIgniter\CodeIgniter->run()
#12 {main}
CRITICAL - 2023-05-09 15:35:48 --> Cannot add or update a child row: a foreign key constraint fails (`cinema`.`film`, CONSTRAINT `Film_ibfk_2` FOREIGN KEY (`codePays`) REFERENCES `pays` (`code`))
in SYSTEMPATH/Database/BaseConnection.php on line 645.
 1 SYSTEMPATH/Database/BaseBuilder.php(2295): CodeIgniter\Database\BaseConnection->query()
 2 SYSTEMPATH/Model.php(329): CodeIgniter\Database\BaseBuilder->insert()
 3 SYSTEMPATH/BaseModel.php(782): CodeIgniter\Model->doInsert()
 4 SYSTEMPATH/Model.php(729): CodeIgniter\BaseModel->insert()
 5 APPPATH/Controllers/Film.php(56): CodeIgniter\Model->insert()
 6 SYSTEMPATH/CodeIgniter.php(934): App\Controllers\Film->create()
 7 SYSTEMPATH/CodeIgniter.php(499): CodeIgniter\CodeIgniter->runController()
 8 SYSTEMPATH/CodeIgniter.php(368): CodeIgniter\CodeIgniter->handleRequest()
 9 FCPATH/index.php(67): CodeIgniter\CodeIgniter->run()
ERROR - 2023-05-09 15:36:20 --> mysqli_sql_exception: Cannot add or update a child row: a foreign key constraint fails (`cinema`.`film`, CONSTRAINT `Film_ibfk_2` FOREIGN KEY (`codePays`) REFERENCES `pays` (`code`)) in /srv/board_games/system/Database/MySQLi/Connection.php:295
Stack trace:
#0 /srv/board_games/system/Database/MySQLi/Connection.php(295): mysqli->query()
#1 /srv/board_games/system/Database/BaseConnection.php(691): CodeIgniter\Database\MySQLi\Connection->execute()
#2 /srv/board_games/system/Database/BaseConnection.php(605): CodeIgniter\Database\BaseConnection->simpleQuery()
#3 /srv/board_games/system/Database/BaseBuilder.php(2295): CodeIgniter\Database\BaseConnection->query()
#4 /srv/board_games/system/Model.php(329): CodeIgniter\Database\BaseBuilder->insert()
#5 /srv/board_games/system/BaseModel.php(782): CodeIgniter\Model->doInsert()
#6 /srv/board_games/system/Model.php(729): CodeIgniter\BaseModel->insert()
#7 /srv/board_games/app/Controllers/Film.php(56): CodeIgniter\Model->insert()
#8 /srv/board_games/system/CodeIgniter.php(934): App\Controllers\Film->create()
#9 /srv/board_games/system/CodeIgniter.php(499): CodeIgniter\CodeIgniter->runController()
#10 /srv/board_games/system/CodeIgniter.php(368): CodeIgniter\CodeIgniter->handleRequest()
#11 /srv/board_games/public/index.php(67): CodeIgniter\CodeIgniter->run()
#12 {main}
CRITICAL - 2023-05-09 15:36:20 --> Cannot add or update a child row: a foreign key constraint fails (`cinema`.`film`, CONSTRAINT `Film_ibfk_2` FOREIGN KEY (`codePays`) REFERENCES `pays` (`code`))
in SYSTEMPATH/Database/BaseConnection.php on line 645.
 1 SYSTEMPATH/Database/BaseBuilder.php(2295): CodeIgniter\Database\BaseConnection->query()
 2 SYSTEMPATH/Model.php(329): CodeIgniter\Database\BaseBuilder->insert()
 3 SYSTEMPATH/BaseModel.php(782): CodeIgniter\Model->doInsert()
 4 SYSTEMPATH/Model.php(729): CodeIgniter\BaseModel->insert()
 5 APPPATH/Controllers/Film.php(56): CodeIgniter\Model->insert()
 6 SYSTEMPATH/CodeIgniter.php(934): App\Controllers\Film->create()
 7 SYSTEMPATH/CodeIgniter.php(499): CodeIgniter\CodeIgniter->runController()
 8 SYSTEMPATH/CodeIgniter.php(368): CodeIgniter\CodeIgniter->handleRequest()
 9 FCPATH/index.php(67): CodeIgniter\CodeIgniter->run()
ERROR - 2023-05-09 15:36:55 --> mysqli_sql_exception: Cannot add or update a child row: a foreign key constraint fails (`cinema`.`film`, CONSTRAINT `Film_ibfk_3` FOREIGN KEY (`genre`) REFERENCES `genre` (`code`)) in /srv/board_games/system/Database/MySQLi/Connection.php:295
Stack trace:
#0 /srv/board_games/system/Database/MySQLi/Connection.php(295): mysqli->query()
#1 /srv/board_games/system/Database/BaseConnection.php(691): CodeIgniter\Database\MySQLi\Connection->execute()
#2 /srv/board_games/system/Database/BaseConnection.php(605): CodeIgniter\Database\BaseConnection->simpleQuery()
#3 /srv/board_games/system/Database/BaseBuilder.php(2295): CodeIgniter\Database\BaseConnection->query()
#4 /srv/board_games/system/Model.php(329): CodeIgniter\Database\BaseBuilder->insert()
#5 /srv/board_games/system/BaseModel.php(782): CodeIgniter\Model->doInsert()
#6 /srv/board_games/system/Model.php(729): CodeIgniter\BaseModel->insert()
#7 /srv/board_games/app/Controllers/Film.php(56): CodeIgniter\Model->insert()
#8 /srv/board_games/system/CodeIgniter.php(934): App\Controllers\Film->create()
#9 /srv/board_games/system/CodeIgniter.php(499): CodeIgniter\CodeIgniter->runController()
#10 /srv/board_games/system/CodeIgniter.php(368): CodeIgniter\CodeIgniter->handleRequest()
#11 /srv/board_games/public/index.php(67): CodeIgniter\CodeIgniter->run()
#12 {main}
CRITICAL - 2023-05-09 15:36:55 --> Cannot add or update a child row: a foreign key constraint fails (`cinema`.`film`, CONSTRAINT `Film_ibfk_3` FOREIGN KEY (`genre`) REFERENCES `genre` (`code`))
in SYSTEMPATH/Database/BaseConnection.php on line 645.
 1 SYSTEMPATH/Database/BaseBuilder.php(2295): CodeIgniter\Database\BaseConnection->query()
 2 SYSTEMPATH/Model.php(329): CodeIgniter\Database\BaseBuilder->insert()
 3 SYSTEMPATH/BaseModel.php(782): CodeIgniter\Model->doInsert()
 4 SYSTEMPATH/Model.php(729): CodeIgniter\BaseModel->insert()
 5 APPPATH/Controllers/Film.php(56): CodeIgniter\Model->insert()
 6 SYSTEMPATH/CodeIgniter.php(934): App\Controllers\Film->create()
 7 SYSTEMPATH/CodeIgniter.php(499): CodeIgniter\CodeIgniter->runController()
 8 SYSTEMPATH/CodeIgniter.php(368): CodeIgniter\CodeIgniter->handleRequest()
 9 FCPATH/index.php(67): CodeIgniter\CodeIgniter->run()
ERROR - 2023-05-09 15:40:01 --> mysqli_sql_exception: Cannot add or update a child row: a foreign key constraint fails (`cinema`.`film`, CONSTRAINT `Film_ibfk_2` FOREIGN KEY (`codePays`) REFERENCES `pays` (`code`)) in /srv/board_games/system/Database/MySQLi/Connection.php:295
Stack trace:
#0 /srv/board_games/system/Database/MySQLi/Connection.php(295): mysqli->query()
#1 /srv/board_games/system/Database/BaseConnection.php(691): CodeIgniter\Database\MySQLi\Connection->execute()
#2 /srv/board_games/system/Database/BaseConnection.php(605): CodeIgniter\Database\BaseConnection->simpleQuery()
#3 /srv/board_games/system/Database/BaseBuilder.php(2295): CodeIgniter\Database\BaseConnection->query()
#4 /srv/board_games/system/Model.php(329): CodeIgniter\Database\BaseBuilder->insert()
#5 /srv/board_games/system/BaseModel.php(782): CodeIgniter\Model->doInsert()
#6 /srv/board_games/system/Model.php(729): CodeIgniter\BaseModel->insert()
#7 /srv/board_games/app/Controllers/Film.php(54): CodeIgniter\Model->insert()
#8 /srv/board_games/system/CodeIgniter.php(934): App\Controllers\Film->create()
#9 /srv/board_games/system/CodeIgniter.php(499): CodeIgniter\CodeIgniter->runController()
#10 /srv/board_games/system/CodeIgniter.php(368): CodeIgniter\CodeIgniter->handleRequest()
#11 /srv/board_games/public/index.php(67): CodeIgniter\CodeIgniter->run()
#12 {main}
CRITICAL - 2023-05-09 15:40:01 --> Cannot add or update a child row: a foreign key constraint fails (`cinema`.`film`, CONSTRAINT `Film_ibfk_2` FOREIGN KEY (`codePays`) REFERENCES `pays` (`code`))
in SYSTEMPATH/Database/BaseConnection.php on line 645.
 1 SYSTEMPATH/Database/BaseBuilder.php(2295): CodeIgniter\Database\BaseConnection->query()
 2 SYSTEMPATH/Model.php(329): CodeIgniter\Database\BaseBuilder->insert()
 3 SYSTEMPATH/BaseModel.php(782): CodeIgniter\Model->doInsert()
 4 SYSTEMPATH/Model.php(729): CodeIgniter\BaseModel->insert()
 5 APPPATH/Controllers/Film.php(54): CodeIgniter\Model->insert()
 6 SYSTEMPATH/CodeIgniter.php(934): App\Controllers\Film->create()
 7 SYSTEMPATH/CodeIgniter.php(499): CodeIgniter\CodeIgniter->runController()
 8 SYSTEMPATH/CodeIgniter.php(368): CodeIgniter\CodeIgniter->handleRequest()
 9 FCPATH/index.php(67): CodeIgniter\CodeIgniter->run()
ERROR - 2023-05-09 15:40:28 --> mysqli_sql_exception: Cannot add or update a child row: a foreign key constraint fails (`cinema`.`film`, CONSTRAINT `Film_ibfk_2` FOREIGN KEY (`codePays`) REFERENCES `pays` (`code`)) in /srv/board_games/system/Database/MySQLi/Connection.php:295
Stack trace:
#0 /srv/board_games/system/Database/MySQLi/Connection.php(295): mysqli->query()
#1 /srv/board_games/system/Database/BaseConnection.php(691): CodeIgniter\Database\MySQLi\Connection->execute()
#2 /srv/board_games/system/Database/BaseConnection.php(605): CodeIgniter\Database\BaseConnection->simpleQuery()
#3 /srv/board_games/system/Database/BaseBuilder.php(2295): CodeIgniter\Database\BaseConnection->query()
#4 /srv/board_games/system/Model.php(329): CodeIgniter\Database\BaseBuilder->insert()
#5 /srv/board_games/system/BaseModel.php(782): CodeIgniter\Model->doInsert()
#6 /srv/board_games/system/Model.php(729): CodeIgniter\BaseModel->insert()
#7 /srv/board_games/app/Controllers/Film.php(54): CodeIgniter\Model->insert()
#8 /srv/board_games/system/CodeIgniter.php(934): App\Controllers\Film->create()
#9 /srv/board_games/system/CodeIgniter.php(499): CodeIgniter\CodeIgniter->runController()
#10 /srv/board_games/system/CodeIgniter.php(368): CodeIgniter\CodeIgniter->handleRequest()
#11 /srv/board_games/public/index.php(67): CodeIgniter\CodeIgniter->run()
#12 {main}
CRITICAL - 2023-05-09 15:40:28 --> Cannot add or update a child row: a foreign key constraint fails (`cinema`.`film`, CONSTRAINT `Film_ibfk_2` FOREIGN KEY (`codePays`) REFERENCES `pays` (`code`))
in SYSTEMPATH/Database/BaseConnection.php on line 645.
 1 SYSTEMPATH/Database/BaseBuilder.php(2295): CodeIgniter\Database\BaseConnection->query()
 2 SYSTEMPATH/Model.php(329): CodeIgniter\Database\BaseBuilder->insert()
 3 SYSTEMPATH/BaseModel.php(782): CodeIgniter\Model->doInsert()
 4 SYSTEMPATH/Model.php(729): CodeIgniter\BaseModel->insert()
 5 APPPATH/Controllers/Film.php(54): CodeIgniter\Model->insert()
 6 SYSTEMPATH/CodeIgniter.php(934): App\Controllers\Film->create()
 7 SYSTEMPATH/CodeIgniter.php(499): CodeIgniter\CodeIgniter->runController()
 8 SYSTEMPATH/CodeIgniter.php(368): CodeIgniter\CodeIgniter->handleRequest()
 9 FCPATH/index.php(67): CodeIgniter\CodeIgniter->run()
ERROR - 2023-05-09 15:41:11 --> mysqli_sql_exception: Cannot add or update a child row: a foreign key constraint fails (`cinema`.`film`, CONSTRAINT `Film_ibfk_2` FOREIGN KEY (`codePays`) REFERENCES `pays` (`code`)) in /srv/board_games/system/Database/MySQLi/Connection.php:295
Stack trace:
#0 /srv/board_games/system/Database/MySQLi/Connection.php(295): mysqli->query()
#1 /srv/board_games/system/Database/BaseConnection.php(691): CodeIgniter\Database\MySQLi\Connection->execute()
#2 /srv/board_games/system/Database/BaseConnection.php(605): CodeIgniter\Database\BaseConnection->simpleQuery()
#3 /srv/board_games/system/Database/BaseBuilder.php(2295): CodeIgniter\Database\BaseConnection->query()
#4 /srv/board_games/system/Model.php(329): CodeIgniter\Database\BaseBuilder->insert()
#5 /srv/board_games/system/BaseModel.php(782): CodeIgniter\Model->doInsert()
#6 /srv/board_games/system/Model.php(729): CodeIgniter\BaseModel->insert()
#7 /srv/board_games/app/Controllers/Film.php(56): CodeIgniter\Model->insert()
#8 /srv/board_games/system/CodeIgniter.php(934): App\Controllers\Film->create()
#9 /srv/board_games/system/CodeIgniter.php(499): CodeIgniter\CodeIgniter->runController()
#10 /srv/board_games/system/CodeIgniter.php(368): CodeIgniter\CodeIgniter->handleRequest()
#11 /srv/board_games/public/index.php(67): CodeIgniter\CodeIgniter->run()
#12 {main}
CRITICAL - 2023-05-09 15:41:11 --> Cannot add or update a child row: a foreign key constraint fails (`cinema`.`film`, CONSTRAINT `Film_ibfk_2` FOREIGN KEY (`codePays`) REFERENCES `pays` (`code`))
in SYSTEMPATH/Database/BaseConnection.php on line 645.
 1 SYSTEMPATH/Database/BaseBuilder.php(2295): CodeIgniter\Database\BaseConnection->query()
 2 SYSTEMPATH/Model.php(329): CodeIgniter\Database\BaseBuilder->insert()
 3 SYSTEMPATH/BaseModel.php(782): CodeIgniter\Model->doInsert()
 4 SYSTEMPATH/Model.php(729): CodeIgniter\BaseModel->insert()
 5 APPPATH/Controllers/Film.php(56): CodeIgniter\Model->insert()
 6 SYSTEMPATH/CodeIgniter.php(934): App\Controllers\Film->create()
 7 SYSTEMPATH/CodeIgniter.php(499): CodeIgniter\CodeIgniter->runController()
 8 SYSTEMPATH/CodeIgniter.php(368): CodeIgniter\CodeIgniter->handleRequest()
 9 FCPATH/index.php(67): CodeIgniter\CodeIgniter->run()
CRITICAL - 2023-05-09 15:47:41 --> Trait "App\Controllers\CodeIgniter\HTTP\IncomingRequest" not found
in APPPATH/Controllers/Film.php on line 5.
 1 [internal function]: CodeIgniter\Debug\Exceptions->shutdownHandler()
ERROR - 2023-05-09 15:52:17 --> mysqli_sql_exception: Cannot add or update a child row: a foreign key constraint fails (`cinema`.`film`, CONSTRAINT `Film_ibfk_2` FOREIGN KEY (`codePays`) REFERENCES `pays` (`code`)) in /srv/board_games/system/Database/MySQLi/Connection.php:295
Stack trace:
#0 /srv/board_games/system/Database/MySQLi/Connection.php(295): mysqli->query()
#1 /srv/board_games/system/Database/BaseConnection.php(691): CodeIgniter\Database\MySQLi\Connection->execute()
#2 /srv/board_games/system/Database/BaseConnection.php(605): CodeIgniter\Database\BaseConnection->simpleQuery()
#3 /srv/board_games/system/Database/BaseBuilder.php(2295): CodeIgniter\Database\BaseConnection->query()
#4 /srv/board_games/system/Model.php(329): CodeIgniter\Database\BaseBuilder->insert()
#5 /srv/board_games/system/BaseModel.php(782): CodeIgniter\Model->doInsert()
#6 /srv/board_games/system/Model.php(729): CodeIgniter\BaseModel->insert()
#7 /srv/board_games/app/Controllers/Film.php(57): CodeIgniter\Model->insert()
#8 /srv/board_games/system/CodeIgniter.php(934): App\Controllers\Film->create()
#9 /srv/board_games/system/CodeIgniter.php(499): CodeIgniter\CodeIgniter->runController()
#10 /srv/board_games/system/CodeIgniter.php(368): CodeIgniter\CodeIgniter->handleRequest()
#11 /srv/board_games/public/index.php(67): CodeIgniter\CodeIgniter->run()
#12 {main}
CRITICAL - 2023-05-09 15:52:17 --> Cannot add or update a child row: a foreign key constraint fails (`cinema`.`film`, CONSTRAINT `Film_ibfk_2` FOREIGN KEY (`codePays`) REFERENCES `pays` (`code`))
in SYSTEMPATH/Database/BaseConnection.php on line 645.
 1 SYSTEMPATH/Database/BaseBuilder.php(2295): CodeIgniter\Database\BaseConnection->query()
 2 SYSTEMPATH/Model.php(329): CodeIgniter\Database\BaseBuilder->insert()
 3 SYSTEMPATH/BaseModel.php(782): CodeIgniter\Model->doInsert()
 4 SYSTEMPATH/Model.php(729): CodeIgniter\BaseModel->insert()
 5 APPPATH/Controllers/Film.php(57): CodeIgniter\Model->insert()
 6 SYSTEMPATH/CodeIgniter.php(934): App\Controllers\Film->create()
 7 SYSTEMPATH/CodeIgniter.php(499): CodeIgniter\CodeIgniter->runController()
 8 SYSTEMPATH/CodeIgniter.php(368): CodeIgniter\CodeIgniter->handleRequest()
 9 FCPATH/index.php(67): CodeIgniter\CodeIgniter->run()
