INFO - 2023-11-13 13:57:39 --> Session: Class initialized using 'CodeIgniter\Session\Handlers\FileHandler' driver.
INFO - 2023-11-13 13:58:01 --> Session: Class initialized using 'CodeIgniter\Session\Handlers\FileHandler' driver.
INFO - 2023-11-13 13:58:14 --> Session: Class initialized using 'CodeIgniter\Session\Handlers\FileHandler' driver.
INFO - 2023-11-13 13:58:18 --> Session: Class initialized using 'CodeIgniter\Session\Handlers\FileHandler' driver.
ERROR - 2023-11-13 13:59:13 --> Error connecting to the database: mysqli_sql_exception: Accès refusé pour l'utilisateur: 'admin'@'localhost' (mot de passe: OUI) in C:\wamp64\www\boardgames\system\Database\MySQLi\Connection.php:174
Stack trace:
#0 C:\wamp64\www\boardgames\system\Database\MySQLi\Connection.php(174): mysqli->real_connect('localhost', 'admin', 'password', 'board-games', 3306, '', 0)
#1 C:\wamp64\www\boardgames\system\Database\BaseConnection.php(391): CodeIgniter\Database\MySQLi\Connection->connect(false)
#2 C:\wamp64\www\boardgames\system\Database\BaseConnection.php(573): CodeIgniter\Database\BaseConnection->initialize()
#3 C:\wamp64\www\boardgames\system\Database\BaseBuilder.php(1602): CodeIgniter\Database\BaseConnection->query('SELECT *\nFROM `...', Array, false)
#4 C:\wamp64\www\boardgames\system\Model.php(839): CodeIgniter\Database\BaseBuilder->get()
#5 C:\wamp64\www\boardgames\app\Models\UserModel.php(27): CodeIgniter\Model->__call('get', Array)
#6 C:\wamp64\www\boardgames\app\Controllers\User.php(70): App\Models\UserModel->connect(Array)
#7 C:\wamp64\www\boardgames\system\CodeIgniter.php(934): App\Controllers\User->sign()
#8 C:\wamp64\www\boardgames\system\CodeIgniter.php(499): CodeIgniter\CodeIgniter->runController(Object(App\Controllers\User))
#9 C:\wamp64\www\boardgames\system\CodeIgniter.php(368): CodeIgniter\CodeIgniter->handleRequest(NULL, Object(Config\Cache), false)
#10 C:\wamp64\www\boardgames\public\index.php(67): CodeIgniter\CodeIgniter->run()
#11 {main}

Next CodeIgniter\Database\Exceptions\DatabaseException: Accès refusé pour l'utilisateur: '****'@'localhost' (mot de passe: OUI) in C:\wamp64\www\boardgames\system\Database\MySQLi\Connection.php:218
Stack trace:
#0 C:\wamp64\www\boardgames\system\Database\BaseConnection.php(391): CodeIgniter\Database\MySQLi\Connection->connect(false)
#1 C:\wamp64\www\boardgames\system\Database\BaseConnection.php(573): CodeIgniter\Database\BaseConnection->initialize()
#2 C:\wamp64\www\boardgames\system\Database\BaseBuilder.php(1602): CodeIgniter\Database\BaseConnection->query('SELECT *\nFROM `...', Array, false)
#3 C:\wamp64\www\boardgames\system\Model.php(839): CodeIgniter\Database\BaseBuilder->get()
#4 C:\wamp64\www\boardgames\app\Models\UserModel.php(27): CodeIgniter\Model->__call('get', Array)
#5 C:\wamp64\www\boardgames\app\Controllers\User.php(70): App\Models\UserModel->connect(Array)
#6 C:\wamp64\www\boardgames\system\CodeIgniter.php(934): App\Controllers\User->sign()
#7 C:\wamp64\www\boardgames\system\CodeIgniter.php(499): CodeIgniter\CodeIgniter->runController(Object(App\Controllers\User))
#8 C:\wamp64\www\boardgames\system\CodeIgniter.php(368): CodeIgniter\CodeIgniter->handleRequest(NULL, Object(Config\Cache), false)
#9 C:\wamp64\www\boardgames\public\index.php(67): CodeIgniter\CodeIgniter->run()
#10 {main}
CRITICAL - 2023-11-13 13:59:13 --> Unable to connect to the database.
Main connection [MySQLi]: Accès refusé pour l'utilisateur: '****'@'localhost' (mot de passe: OUI)
in SYSTEMPATH\Database\BaseConnection.php on line 427.
 1 SYSTEMPATH\Database\BaseConnection.php(573): CodeIgniter\Database\BaseConnection->initialize()
 2 SYSTEMPATH\Database\BaseBuilder.php(1602): CodeIgniter\Database\BaseConnection->query('SELECT *
FROM `user`
WHERE `email` = :email:', [...], false)
 3 SYSTEMPATH\Model.php(839): CodeIgniter\Database\BaseBuilder->get()
 4 APPPATH\Models\UserModel.php(27): CodeIgniter\Model->__call('get', [])
 5 APPPATH\Controllers\User.php(70): App\Models\UserModel->connect([...])
 6 SYSTEMPATH\CodeIgniter.php(934): App\Controllers\User->sign()
 7 SYSTEMPATH\CodeIgniter.php(499): CodeIgniter\CodeIgniter->runController(Object(App\Controllers\User))
 8 SYSTEMPATH\CodeIgniter.php(368): CodeIgniter\CodeIgniter->handleRequest(null, Object(Config\Cache), false)
 9 FCPATH\index.php(67): CodeIgniter\CodeIgniter->run()
INFO - 2023-11-13 13:59:24 --> Session: Class initialized using 'CodeIgniter\Session\Handlers\FileHandler' driver.
INFO - 2023-11-13 13:59:36 --> Session: Class initialized using 'CodeIgniter\Session\Handlers\FileHandler' driver.
